2012/12/01 14:19:58 [error] [php] date(): It is not safe to rely on the system's timezone settings. You are *required* to use the date.timezone setting or the date_default_timezone_set() function. In case you used any of those methods and you are still getting this warning, you most likely misspelled the timezone identifier. We selected 'America/New_York' for 'EST/-5.0/no DST' instead (/Users/danvankley/dev/testsite/web/marta_feedback/protected/views/layouts/main.php:51)
Stack trace:
#0 /Users/danvankley/dev/yii/framework/web/CBaseController.php(96): SiteController->renderInternal()
#1 /Users/danvankley/dev/yii/framework/web/widgets/CContentDecorator.php(77): SiteController->renderFile()
#2 /Users/danvankley/dev/yii/framework/web/widgets/CContentDecorator.php(55): CContentDecorator->decorate()
#3 /Users/danvankley/dev/yii/framework/web/widgets/COutputProcessor.php(45): CContentDecorator->processOutput()
#4 /Users/danvankley/dev/yii/framework/web/CBaseController.php(207): CContentDecorator->run()
#5 /Users/danvankley/dev/yii/framework/web/CBaseController.php(301): SiteController->endWidget()
#6 /Users/danvankley/dev/testsite/web/marta_feedback/protected/views/layouts/column1.php(6): SiteController->endContent()
#7 /Users/danvankley/dev/yii/framework/web/CBaseController.php(127): require()
#8 /Users/danvankley/dev/yii/framework/web/CBaseController.php(96): SiteController->renderInternal()
#9 /Users/danvankley/dev/yii/framework/web/CController.php(785): SiteController->renderFile()
#10 /Users/danvankley/dev/testsite/web/marta_feedback/protected/controllers/SiteController.php(32): SiteController->render()
#11 /Users/danvankley/dev/yii/framework/web/actions/CInlineAction.php(50): SiteController->actionIndex()
#12 /Users/danvankley/dev/yii/framework/web/CController.php(309): CInlineAction->runWithParams()
#13 /Users/danvankley/dev/yii/framework/web/CController.php(287): SiteController->runAction()
#14 /Users/danvankley/dev/yii/framework/web/CController.php(266): SiteController->runActionWithFilters()
#15 /Users/danvankley/dev/yii/framework/web/CWebApplication.php(283): SiteController->run()
#16 /Users/danvankley/dev/yii/framework/web/CWebApplication.php(142): CWebApplication->runController()
#17 /Users/danvankley/dev/yii/framework/base/CApplication.php(162): CWebApplication->processRequest()
#18 /Users/danvankley/dev/testsite/web/marta_feedback/index.php(13): CWebApplication->run()
REQUEST_URI=/marta_feedback/index.php
in /Users/danvankley/dev/testsite/web/marta_feedback/protected/views/layouts/main.php (51)
in /Users/danvankley/dev/testsite/web/marta_feedback/protected/views/layouts/column1.php (6)
in /Users/danvankley/dev/testsite/web/marta_feedback/protected/controllers/SiteController.php (32)
2012/12/01 14:22:03 [error] [php] date(): It is not safe to rely on the system's timezone settings. You are *required* to use the date.timezone setting or the date_default_timezone_set() function. In case you used any of those methods and you are still getting this warning, you most likely misspelled the timezone identifier. We selected 'America/New_York' for 'EST/-5.0/no DST' instead (/Users/danvankley/dev/testsite/web/marta_feedback/protected/views/layouts/main.php:51)
Stack trace:
#0 /Users/danvankley/dev/yii/framework/web/CBaseController.php(96): SiteController->renderInternal()
#1 /Users/danvankley/dev/yii/framework/web/widgets/CContentDecorator.php(77): SiteController->renderFile()
#2 /Users/danvankley/dev/yii/framework/web/widgets/CContentDecorator.php(55): CContentDecorator->decorate()
#3 /Users/danvankley/dev/yii/framework/web/widgets/COutputProcessor.php(45): CContentDecorator->processOutput()
#4 /Users/danvankley/dev/yii/framework/web/CBaseController.php(207): CContentDecorator->run()
#5 /Users/danvankley/dev/yii/framework/web/CBaseController.php(301): SiteController->endWidget()
#6 /Users/danvankley/dev/testsite/web/marta_feedback/protected/views/layouts/column1.php(6): SiteController->endContent()
#7 /Users/danvankley/dev/yii/framework/web/CBaseController.php(127): require()
#8 /Users/danvankley/dev/yii/framework/web/CBaseController.php(96): SiteController->renderInternal()
#9 /Users/danvankley/dev/yii/framework/web/CController.php(785): SiteController->renderFile()
#10 /Users/danvankley/dev/testsite/web/marta_feedback/protected/controllers/SiteController.php(32): SiteController->render()
#11 /Users/danvankley/dev/yii/framework/web/actions/CInlineAction.php(50): SiteController->actionIndex()
#12 /Users/danvankley/dev/yii/framework/web/CController.php(309): CInlineAction->runWithParams()
#13 /Users/danvankley/dev/yii/framework/web/CController.php(287): SiteController->runAction()
#14 /Users/danvankley/dev/yii/framework/web/CController.php(266): SiteController->runActionWithFilters()
#15 /Users/danvankley/dev/yii/framework/web/CWebApplication.php(283): SiteController->run()
#16 /Users/danvankley/dev/yii/framework/web/CWebApplication.php(142): CWebApplication->runController()
#17 /Users/danvankley/dev/yii/framework/base/CApplication.php(162): CWebApplication->processRequest()
#18 /Users/danvankley/dev/testsite/web/marta_feedback/index.php(13): CWebApplication->run()
REQUEST_URI=/marta_feedback/index.php
in /Users/danvankley/dev/testsite/web/marta_feedback/protected/views/layouts/main.php (51)
in /Users/danvankley/dev/testsite/web/marta_feedback/protected/views/layouts/column1.php (6)
in /Users/danvankley/dev/testsite/web/marta_feedback/protected/controllers/SiteController.php (32)
2012/12/01 14:22:06 [error] [php] date(): It is not safe to rely on the system's timezone settings. You are *required* to use the date.timezone setting or the date_default_timezone_set() function. In case you used any of those methods and you are still getting this warning, you most likely misspelled the timezone identifier. We selected 'America/New_York' for 'EST/-5.0/no DST' instead (/Users/danvankley/dev/testsite/web/marta_feedback/protected/views/layouts/main.php:51)
Stack trace:
#0 /Users/danvankley/dev/yii/framework/web/CBaseController.php(96): SiteController->renderInternal()
#1 /Users/danvankley/dev/yii/framework/web/widgets/CContentDecorator.php(77): SiteController->renderFile()
#2 /Users/danvankley/dev/yii/framework/web/widgets/CContentDecorator.php(55): CContentDecorator->decorate()
#3 /Users/danvankley/dev/yii/framework/web/widgets/COutputProcessor.php(45): CContentDecorator->processOutput()
#4 /Users/danvankley/dev/yii/framework/web/CBaseController.php(207): CContentDecorator->run()
#5 /Users/danvankley/dev/yii/framework/web/CBaseController.php(301): SiteController->endWidget()
#6 /Users/danvankley/dev/testsite/web/marta_feedback/protected/views/layouts/column1.php(6): SiteController->endContent()
#7 /Users/danvankley/dev/yii/framework/web/CBaseController.php(127): require()
#8 /Users/danvankley/dev/yii/framework/web/CBaseController.php(96): SiteController->renderInternal()
#9 /Users/danvankley/dev/yii/framework/web/CController.php(785): SiteController->renderFile()
#10 /Users/danvankley/dev/testsite/web/marta_feedback/protected/controllers/SiteController.php(32): SiteController->render()
#11 /Users/danvankley/dev/yii/framework/web/actions/CInlineAction.php(50): SiteController->actionIndex()
#12 /Users/danvankley/dev/yii/framework/web/CController.php(309): CInlineAction->runWithParams()
#13 /Users/danvankley/dev/yii/framework/web/CController.php(287): SiteController->runAction()
#14 /Users/danvankley/dev/yii/framework/web/CController.php(266): SiteController->runActionWithFilters()
#15 /Users/danvankley/dev/yii/framework/web/CWebApplication.php(283): SiteController->run()
#16 /Users/danvankley/dev/yii/framework/web/CWebApplication.php(142): CWebApplication->runController()
#17 /Users/danvankley/dev/yii/framework/base/CApplication.php(162): CWebApplication->processRequest()
#18 /Users/danvankley/dev/testsite/web/marta_feedback/index.php(13): CWebApplication->run()
REQUEST_URI=/marta_feedback/index.php
in /Users/danvankley/dev/testsite/web/marta_feedback/protected/views/layouts/main.php (51)
in /Users/danvankley/dev/testsite/web/marta_feedback/protected/views/layouts/column1.php (6)
in /Users/danvankley/dev/testsite/web/marta_feedback/protected/controllers/SiteController.php (32)
2012/12/01 15:02:52 [error] [exception.CException] exception 'CException' with message 'Object configuration must be an array containing a "class" element.' in /Users/danvankley/dev/yii/framework/YiiBase.php:195
Stack trace:
#0 /Users/danvankley/dev/yii/framework/base/CModule.php(387): YiiBase::createComponent(Array)
#1 /Users/danvankley/dev/yii/framework/base/CModule.php(104): CModule->getComponent('mysql')
#2 /Users/danvankley/dev/testsite/web/marta_feedback/protected/controllers/SiteController.php(32): CModule->__get('mysql')
#3 /Users/danvankley/dev/yii/framework/web/actions/CInlineAction.php(50): SiteController->actionIndex()
#4 /Users/danvankley/dev/yii/framework/web/CController.php(309): CInlineAction->runWithParams(Array)
#5 /Users/danvankley/dev/yii/framework/web/CController.php(287): CController->runAction(Object(CInlineAction))
#6 /Users/danvankley/dev/yii/framework/web/CController.php(266): CController->runActionWithFilters(Object(CInlineAction), Array)
#7 /Users/danvankley/dev/yii/framework/web/CWebApplication.php(283): CController->run('')
#8 /Users/danvankley/dev/yii/framework/web/CWebApplication.php(142): CWebApplication->runController('')
#9 /Users/danvankley/dev/yii/framework/base/CApplication.php(162): CWebApplication->processRequest()
#10 /Users/danvankley/dev/testsite/web/marta_feedback/index.php(13): CApplication->run()
#11 {main}
REQUEST_URI=/marta_feedback/index.php
---
2012/12/01 15:03:25 [error] [php] Object of class CDbCommand could not be converted to string (/Users/danvankley/dev/testsite/web/marta_feedback/protected/controllers/SiteController.php:32)
Stack trace:
#0 /Users/danvankley/dev/yii/framework/web/CController.php(287): SiteController->runAction()
#1 /Users/danvankley/dev/yii/framework/web/CController.php(266): SiteController->runActionWithFilters()
#2 /Users/danvankley/dev/yii/framework/web/CWebApplication.php(283): SiteController->run()
#3 /Users/danvankley/dev/yii/framework/web/CWebApplication.php(142): CWebApplication->runController()
#4 /Users/danvankley/dev/yii/framework/base/CApplication.php(162): CWebApplication->processRequest()
#5 /Users/danvankley/dev/testsite/web/marta_feedback/index.php(13): CWebApplication->run()
REQUEST_URI=/marta_feedback/index.php
in /Users/danvankley/dev/testsite/web/marta_feedback/protected/controllers/SiteController.php (32)
in /Users/danvankley/dev/testsite/web/marta_feedback/index.php (13)
2012/12/01 15:05:56 [error] [php] Object of class CDbCommand could not be converted to string (/Users/danvankley/dev/testsite/web/marta_feedback/protected/controllers/SiteController.php:32)
Stack trace:
#0 /Users/danvankley/dev/yii/framework/web/CController.php(287): SiteController->runAction()
#1 /Users/danvankley/dev/yii/framework/web/CController.php(266): SiteController->runActionWithFilters()
#2 /Users/danvankley/dev/yii/framework/web/CWebApplication.php(283): SiteController->run()
#3 /Users/danvankley/dev/yii/framework/web/CWebApplication.php(142): CWebApplication->runController()
#4 /Users/danvankley/dev/yii/framework/base/CApplication.php(162): CWebApplication->processRequest()
#5 /Users/danvankley/dev/testsite/web/marta_feedback/index.php(13): CWebApplication->run()
REQUEST_URI=/marta_feedback/index.php?r=site/index
in /Users/danvankley/dev/testsite/web/marta_feedback/protected/controllers/SiteController.php (32)
in /Users/danvankley/dev/testsite/web/marta_feedback/index.php (13)
2012/12/01 15:14:55 [error] [php] include(test_table.php): failed to open stream: No such file or directory (/Users/danvankley/dev/yii/framework/YiiBase.php:423)
Stack trace:
#0 /Users/danvankley/dev/testsite/web/marta_feedback/protected/controllers/SiteController.php(37): spl_autoload_call()
#1 /Users/danvankley/dev/yii/framework/web/actions/CInlineAction.php(50): SiteController->actionIndex()
#2 /Users/danvankley/dev/yii/framework/web/CController.php(309): CInlineAction->runWithParams()
#3 /Users/danvankley/dev/yii/framework/web/CController.php(287): SiteController->runAction()
#4 /Users/danvankley/dev/yii/framework/web/CController.php(266): SiteController->runActionWithFilters()
#5 /Users/danvankley/dev/yii/framework/web/CWebApplication.php(283): SiteController->run()
#6 /Users/danvankley/dev/yii/framework/web/CWebApplication.php(142): CWebApplication->runController()
#7 /Users/danvankley/dev/yii/framework/base/CApplication.php(162): CWebApplication->processRequest()
#8 /Users/danvankley/dev/testsite/web/marta_feedback/index.php(13): CWebApplication->run()
REQUEST_URI=/marta_feedback/index.php?r=site/index
in /Users/danvankley/dev/testsite/web/marta_feedback/protected/controllers/SiteController.php (37)
in /Users/danvankley/dev/testsite/web/marta_feedback/index.php (13)
2012/12/01 15:17:25 [error] [php] include(test_table.php): failed to open stream: No such file or directory (/Users/danvankley/dev/yii/framework/YiiBase.php:423)
Stack trace:
#0 /Users/danvankley/dev/testsite/web/marta_feedback/protected/controllers/SiteController.php(37): spl_autoload_call()
#1 /Users/danvankley/dev/yii/framework/web/actions/CInlineAction.php(50): SiteController->actionIndex()
#2 /Users/danvankley/dev/yii/framework/web/CController.php(309): CInlineAction->runWithParams()
#3 /Users/danvankley/dev/yii/framework/web/CController.php(287): SiteController->runAction()
#4 /Users/danvankley/dev/yii/framework/web/CController.php(266): SiteController->runActionWithFilters()
#5 /Users/danvankley/dev/yii/framework/web/CWebApplication.php(283): SiteController->run()
#6 /Users/danvankley/dev/yii/framework/web/CWebApplication.php(142): CWebApplication->runController()
#7 /Users/danvankley/dev/yii/framework/base/CApplication.php(162): CWebApplication->processRequest()
#8 /Users/danvankley/dev/testsite/web/marta_feedback/index-test.php(15): CWebApplication->run()
REQUEST_URI=/marta_feedback/index-test.php?r=site/index
2012/12/01 15:20:49 [error] [system.db.CDbCommand] CDbCommand::fetchAll() failed: SQLSTATE[42S02]: Base table or view not found: 1146 Table 'marta_feedback.{{test_table}}' doesn't exist. The SQL statement executed was: SHOW COLUMNS FROM `{{test_table}}`.
2012/12/01 15:20:49 [error] [exception.CDbException] exception 'CDbException' with message 'The table "{{test_table}}" for active record class "test_table" cannot be found in the database.' in /Users/danvankley/dev/yii/framework/db/ar/CActiveRecord.php:2312
Stack trace:
#0 /Users/danvankley/dev/yii/framework/db/ar/CActiveRecord.php(388): CActiveRecordMetaData->__construct(Object(test_table))
#1 /Users/danvankley/dev/testsite/web/marta_feedback/protected/models/ar/test_table.php(14): CActiveRecord::model('test_table')
#2 /Users/danvankley/dev/testsite/web/marta_feedback/protected/controllers/SiteController.php(37): test_table::model()
#3 /Users/danvankley/dev/yii/framework/web/actions/CInlineAction.php(50): SiteController->actionIndex()
#4 /Users/danvankley/dev/yii/framework/web/CController.php(309): CInlineAction->runWithParams(Array)
#5 /Users/danvankley/dev/yii/framework/web/CController.php(287): CController->runAction(Object(CInlineAction))
#6 /Users/danvankley/dev/yii/framework/web/CController.php(266): CController->runActionWithFilters(Object(CInlineAction), Array)
#7 /Users/danvankley/dev/yii/framework/web/CWebApplication.php(283): CController->run('index')
#8 /Users/danvankley/dev/yii/framework/web/CWebApplication.php(142): CWebApplication->runController('site/index')
#9 /Users/danvankley/dev/yii/framework/base/CApplication.php(162): CWebApplication->processRequest()
#10 /Users/danvankley/dev/testsite/web/marta_feedback/index-test.php(15): CApplication->run()
#11 {main}
REQUEST_URI=/marta_feedback/index-test.php?r=site/index
---
2012/12/01 15:21:48 [error] [php] date(): It is not safe to rely on the system's timezone settings. You are *required* to use the date.timezone setting or the date_default_timezone_set() function. In case you used any of those methods and you are still getting this warning, you most likely misspelled the timezone identifier. We selected 'America/New_York' for 'EST/-5.0/no DST' instead (/Users/danvankley/dev/testsite/web/marta_feedback/protected/views/layouts/main.php:51)
Stack trace:
#0 /Users/danvankley/dev/yii/framework/web/CBaseController.php(96): SiteController->renderInternal()
#1 /Users/danvankley/dev/yii/framework/web/widgets/CContentDecorator.php(77): SiteController->renderFile()
#2 /Users/danvankley/dev/yii/framework/web/widgets/CContentDecorator.php(55): CContentDecorator->decorate()
#3 /Users/danvankley/dev/yii/framework/web/widgets/COutputProcessor.php(45): CContentDecorator->processOutput()
#4 /Users/danvankley/dev/yii/framework/web/CBaseController.php(207): CContentDecorator->run()
#5 /Users/danvankley/dev/yii/framework/web/CBaseController.php(301): SiteController->endWidget()
#6 /Users/danvankley/dev/testsite/web/marta_feedback/protected/views/layouts/column1.php(6): SiteController->endContent()
#7 /Users/danvankley/dev/yii/framework/web/CBaseController.php(127): require()
#8 /Users/danvankley/dev/yii/framework/web/CBaseController.php(96): SiteController->renderInternal()
#9 /Users/danvankley/dev/yii/framework/web/CController.php(785): SiteController->renderFile()
#10 /Users/danvankley/dev/testsite/web/marta_feedback/protected/controllers/SiteController.php(41): SiteController->render()
#11 /Users/danvankley/dev/yii/framework/web/actions/CInlineAction.php(50): SiteController->actionIndex()
#12 /Users/danvankley/dev/yii/framework/web/CController.php(309): CInlineAction->runWithParams()
#13 /Users/danvankley/dev/yii/framework/web/CController.php(287): SiteController->runAction()
#14 /Users/danvankley/dev/yii/framework/web/CController.php(266): SiteController->runActionWithFilters()
#15 /Users/danvankley/dev/yii/framework/web/CWebApplication.php(283): SiteController->run()
#16 /Users/danvankley/dev/yii/framework/web/CWebApplication.php(142): CWebApplication->runController()
#17 /Users/danvankley/dev/yii/framework/base/CApplication.php(162): CWebApplication->processRequest()
#18 /Users/danvankley/dev/testsite/web/marta_feedback/index-test.php(15): CWebApplication->run()
REQUEST_URI=/marta_feedback/index-test.php?r=site/index
